[2017-02-07 11:38:42] local.ERROR: Symfony\Component\Console\Exception\RuntimeException: The "--messsage" option does not exist. in /Users/chengcheng/Sites/CarlTest/BroadBlog/vendor/symfony/console/Input/ArgvInput.php:219
Stack trace:
#0 /Users/chengcheng/Sites/CarlTest/BroadBlog/vendor/symfony/console/Input/ArgvInput.php(153): Symfony\Component\Console\Input\ArgvInput->addLongOption('messsage', 'it is shut down')
#1 /Users/chengcheng/Sites/CarlTest/BroadBlog/vendor/symfony/console/Input/ArgvInput.php(84): Symfony\Component\Console\Input\ArgvInput->parseLongOption('--messsage=it i...')
#2 /Users/chengcheng/Sites/CarlTest/BroadBlog/vendor/symfony/console/Input/Input.php(63): Symfony\Component\Console\Input\ArgvInput->parse()
#3 /Users/chengcheng/Sites/CarlTest/BroadBlog/vendor/symfony/console/Command/Command.php(220): Symfony\Component\Console\Input\Input->bind(Object(Symfony\Component\Console\Input\InputDefinition))
#4 /Users/chengcheng/Sites/CarlTest/BroadBlog/vendor/illuminate/console/Command.php(167): Symfony\Component\Console\Command\Command->run(Object(Symfony\Component\Console\Input\ArgvInput), Object(Illuminate\Console\OutputStyle))
#5 /Users/chengcheng/Sites/CarlTest/BroadBlog/vendor/symfony/console/Application.php(826): Illuminate\Console\Command->run(Object(Symfony\Component\Console\Input\ArgvInput), Object(Symfony\Component\Console\Output\ConsoleOutput))
#6 /Users/chengcheng/Sites/CarlTest/BroadBlog/vendor/symfony/console/Application.php(189): Symfony\Component\Console\Application->doRunCommand(Object(Illuminate\Foundation\Console\DownCommand), Object(Symfony\Component\Console\Input\ArgvInput), Object(Symfony\Component\Console\Output\ConsoleOutput))
#7 /Users/chengcheng/Sites/CarlTest/BroadBlog/vendor/symfony/console/Application.php(120): Symfony\Component\Console\Application->doRun(Object(Symfony\Component\Console\Input\ArgvInput), Object(Symfony\Component\Console\Output\ConsoleOutput))
#8 /Users/chengcheng/Sites/CarlTest/BroadBlog/vendor/laravel/framework/src/Illuminate/Foundation/Console/Kernel.php(123): Symfony\Component\Console\Application->run(Object(Symfony\Component\Console\Input\ArgvInput), Object(Symfony\Component\Console\Output\ConsoleOutput))
#9 /Users/chengcheng/Sites/CarlTest/BroadBlog/artisan(35): Illuminate\Foundation\Console\Kernel->handle(Object(Symfony\Component\Console\Input\ArgvInput), Object(Symfony\Component\Console\Output\ConsoleOutput))
#10 {main}  
[2017-02-13 04:05:37] local.ERROR: PDOException: SQLSTATE[HY000] [1044] Access denied for user 'broadblog'@'localhost' to database 'broadblog' in /Users/chengcheng/Sites/CarlTest/BroadBlog/vendor/laravel/framework/src/Illuminate/Database/Connectors/Connector.php:68
Stack trace:
#0 /Users/chengcheng/Sites/CarlTest/BroadBlog/vendor/laravel/framework/src/Illuminate/Database/Connectors/Connector.php(68): PDO->__construct('mysql:host=127....', 'broadblog', '123456', Array)
#1 /Users/chengcheng/Sites/CarlTest/BroadBlog/vendor/laravel/framework/src/Illuminate/Database/Connectors/Connector.php(43): Illuminate\Database\Connectors\Connector->createPdoConnection('mysql:host=127....', 'broadblog', '123456', Array)
#2 /Users/chengcheng/Sites/CarlTest/BroadBlog/vendor/laravel/framework/src/Illuminate/Database/Connectors/MySqlConnector.php(24): Illuminate\Database\Connectors\Connector->createConnection('mysql:host=127....', Array, Array)
#3 /Users/chengcheng/Sites/CarlTest/BroadBlog/vendor/laravel/framework/src/Illuminate/Database/Connectors/ConnectionFactory.php(183): Illuminate\Database\Connectors\MySqlConnector->connect(Array)
#4 [internal function]: Illuminate\Database\Connectors\ConnectionFactory->Illuminate\Database\Connectors\{closure}()
#5 /Users/chengcheng/Sites/CarlTest/BroadBlog/vendor/laravel/framework/src/Illuminate/Database/Connection.php(882): call_user_func(Object(Closure))
#6 /Users/chengcheng/Sites/CarlTest/BroadBlog/vendor/laravel/framework/src/Illuminate/Database/Connection.php(903): Illuminate\Database\Connection->getPdo()
#7 /Users/chengcheng/Sites/CarlTest/BroadBlog/vendor/laravel/framework/src/Illuminate/Database/Connection.php(392): Illuminate\Database\Connection->getReadPdo()
#8 /Users/chengcheng/Sites/CarlTest/BroadBlog/vendor/laravel/framework/src/Illuminate/Database/Connection.php(318): Illuminate\Database\Connection->getPdoForSelect(true)
#9 /Users/chengcheng/Sites/CarlTest/BroadBlog/vendor/laravel/framework/src/Illuminate/Database/Connection.php(640): Illuminate\Database\Connection->Illuminate\Database\{closure}('select * from i...', Array)
#10 /Users/chengcheng/Sites/CarlTest/BroadBlog/vendor/laravel/framework/src/Illuminate/Database/Connection.php(607): Illuminate\Database\Connection->runQueryCallback('select * from i...', Array, Object(Closure))
#11 /Users/chengcheng/Sites/CarlTest/BroadBlog/vendor/laravel/framework/src/Illuminate/Database/Connection.php(326): Illuminate\Database\Connection->run('select * from i...', Array, Object(Closure))
#12 /Users/chengcheng/Sites/CarlTest/BroadBlog/vendor/laravel/framework/src/Illuminate/Database/Schema/MySqlBuilder.php(18): Illuminate\Database\Connection->select('select * from i...', Array)
#13 /Users/chengcheng/Sites/CarlTest/BroadBlog/vendor/laravel/framework/src/Illuminate/Database/Migrations/DatabaseMigrationRepository.php(154): Illuminate\Database\Schema\MySqlBuilder->hasTable('migrations')
#14 /Users/chengcheng/Sites/CarlTest/BroadBlog/vendor/laravel/framework/src/Illuminate/Database/Migrations/Migrator.php(530): Illuminate\Database\Migrations\DatabaseMigrationRepository->repositoryExists()
#15 /Users/chengcheng/Sites/CarlTest/BroadBlog/vendor/laravel/framework/src/Illuminate/Database/Console/Migrations/MigrateCommand.php(96): Illuminate\Database\Migrations\Migrator->repositoryExists()
#16 /Users/chengcheng/Sites/CarlTest/BroadBlog/vendor/laravel/framework/src/Illuminate/Database/Console/Migrations/MigrateCommand.php(62): Illuminate\Database\Console\Migrations\MigrateCommand->prepareDatabase()
#17 [internal function]: Illuminate\Database\Console\Migrations\MigrateCommand->fire()
#18 /Users/chengcheng/Sites/CarlTest/BroadBlog/vendor/laravel/framework/src/Illuminate/Container/BoundMethod.php(28): call_user_func_array(Array, Array)
#19 /Users/chengcheng/Sites/CarlTest/BroadBlog/vendor/illuminate/support/helpers.php(912): Illuminate\Container\BoundMethod::Illuminate\Container\{closure}()
#20 /Users/chengcheng/Sites/CarlTest/BroadBlog/vendor/laravel/framework/src/Illuminate/Container/BoundMethod.php(86): value(Object(Closure))
#21 /Users/chengcheng/Sites/CarlTest/BroadBlog/vendor/laravel/framework/src/Illuminate/Container/BoundMethod.php(30): Illuminate\Container\BoundMethod::callBoundMethod(Object(Illuminate\Foundation\Application), Array, Object(Closure))
#22 /Users/chengcheng/Sites/CarlTest/BroadBlog/vendor/laravel/framework/src/Illuminate/Container/Container.php(524): Illuminate\Container\BoundMethod::call(Object(Illuminate\Foundation\Application), Array, Array, NULL)
#23 /Users/chengcheng/Sites/CarlTest/BroadBlog/vendor/illuminate/console/Command.php(182): Illuminate\Container\Container->call(Array)
#24 /Users/chengcheng/Sites/CarlTest/BroadBlog/vendor/symfony/console/Command/Command.php(262): Illuminate\Console\Command->execute(Object(Symfony\Component\Console\Input\ArgvInput), Object(Illuminate\Console\OutputStyle))
#25 /Users/chengcheng/Sites/CarlTest/BroadBlog/vendor/illuminate/console/Command.php(167): Symfony\Component\Console\Command\Command->run(Object(Symfony\Component\Console\Input\ArgvInput), Object(Illuminate\Console\OutputStyle))
#26 /Users/chengcheng/Sites/CarlTest/BroadBlog/vendor/symfony/console/Application.php(826): Illuminate\Console\Command->run(Object(Symfony\Component\Console\Input\ArgvInput), Object(Symfony\Component\Console\Output\ConsoleOutput))
#27 /Users/chengcheng/Sites/CarlTest/BroadBlog/vendor/symfony/console/Application.php(189): Symfony\Component\Console\Application->doRunCommand(Object(Illuminate\Database\Console\Migrations\MigrateCommand), Object(Symfony\Component\Console\Input\ArgvInput), Object(Symfony\Component\Console\Output\ConsoleOutput))
#28 /Users/chengcheng/Sites/CarlTest/BroadBlog/vendor/symfony/console/Application.php(120): Symfony\Component\Console\Application->doRun(Object(Symfony\Component\Console\Input\ArgvInput), Object(Symfony\Component\Console\Output\ConsoleOutput))
#29 /Users/chengcheng/Sites/CarlTest/BroadBlog/vendor/laravel/framework/src/Illuminate/Foundation/Console/Kernel.php(123): Symfony\Component\Console\Application->run(Object(Symfony\Component\Console\Input\ArgvInput), Object(Symfony\Component\Console\Output\ConsoleOutput))
#30 /Users/chengcheng/Sites/CarlTest/BroadBlog/artisan(35): Illuminate\Foundation\Console\Kernel->handle(Object(Symfony\Component\Console\Input\ArgvInput), Object(Symfony\Component\Console\Output\ConsoleOutput))
#31 {main}  
[2017-02-13 04:05:37] local.ERROR: PDOException: SQLSTATE[HY000] [1044] Access denied for user 'broadblog'@'localhost' to database 'broadblog' in /Users/chengcheng/Sites/CarlTest/BroadBlog/vendor/laravel/framework/src/Illuminate/Database/Connectors/Connector.php:68
Stack trace:
#0 /Users/chengcheng/Sites/CarlTest/BroadBlog/vendor/laravel/framework/src/Illuminate/Database/Connectors/Connector.php(68): PDO->__construct('mysql:host=127....', 'broadblog', '123456', Array)
#1 /Users/chengcheng/Sites/CarlTest/BroadBlog/vendor/laravel/framework/src/Illuminate/Database/Connectors/Connector.php(43): Illuminate\Database\Connectors\Connector->createPdoConnection('mysql:host=127....', 'broadblog', '123456', Array)
#2 /Users/chengcheng/Sites/CarlTest/BroadBlog/vendor/laravel/framework/src/Illuminate/Database/Connectors/MySqlConnector.php(24): Illuminate\Database\Connectors\Connector->createConnection('mysql:host=127....', Array, Array)
#3 /Users/chengcheng/Sites/CarlTest/BroadBlog/vendor/laravel/framework/src/Illuminate/Database/Connectors/ConnectionFactory.php(183): Illuminate\Database\Connectors\MySqlConnector->connect(Array)
#4 [internal function]: Illuminate\Database\Connectors\ConnectionFactory->Illuminate\Database\Connectors\{closure}()
#5 /Users/chengcheng/Sites/CarlTest/BroadBlog/vendor/laravel/framework/src/Illuminate/Database/Connection.php(882): call_user_func(Object(Closure))
#6 /Users/chengcheng/Sites/CarlTest/BroadBlog/vendor/laravel/framework/src/Illuminate/Database/Connection.php(903): Illuminate\Database\Connection->getPdo()
#7 /Users/chengcheng/Sites/CarlTest/BroadBlog/vendor/laravel/framework/src/Illuminate/Database/Connection.php(392): Illuminate\Database\Connection->getReadPdo()
#8 /Users/chengcheng/Sites/CarlTest/BroadBlog/vendor/laravel/framework/src/Illuminate/Database/Connection.php(318): Illuminate\Database\Connection->getPdoForSelect(true)
#9 /Users/chengcheng/Sites/CarlTest/BroadBlog/vendor/laravel/framework/src/Illuminate/Database/Connection.php(640): Illuminate\Database\Connection->Illuminate\Database\{closure}('select * from i...', Array)
#10 /Users/chengcheng/Sites/CarlTest/BroadBlog/vendor/laravel/framework/src/Illuminate/Database/Connection.php(607): Illuminate\Database\Connection->runQueryCallback('select * from i...', Array, Object(Closure))
#11 /Users/chengcheng/Sites/CarlTest/BroadBlog/vendor/laravel/framework/src/Illuminate/Database/Connection.php(326): Illuminate\Database\Connection->run('select * from i...', Array, Object(Closure))
#12 /Users/chengcheng/Sites/CarlTest/BroadBlog/vendor/laravel/framework/src/Illuminate/Database/Schema/MySqlBuilder.php(18): Illuminate\Database\Connection->select('select * from i...', Array)
#13 /Users/chengcheng/Sites/CarlTest/BroadBlog/vendor/laravel/framework/src/Illuminate/Database/Migrations/DatabaseMigrationRepository.php(154): Illuminate\Database\Schema\MySqlBuilder->hasTable('migrations')
#14 /Users/chengcheng/Sites/CarlTest/BroadBlog/vendor/laravel/framework/src/Illuminate/Database/Migrations/Migrator.php(530): Illuminate\Database\Migrations\DatabaseMigrationRepository->repositoryExists()
#15 /Users/chengcheng/Sites/CarlTest/BroadBlog/vendor/laravel/framework/src/Illuminate/Database/Console/Migrations/MigrateCommand.php(96): Illuminate\Database\Migrations\Migrator->repositoryExists()
#16 /Users/chengcheng/Sites/CarlTest/BroadBlog/vendor/laravel/framework/src/Illuminate/Database/Console/Migrations/MigrateCommand.php(62): Illuminate\Database\Console\Migrations\MigrateCommand->prepareDatabase()
#17 [internal function]: Illuminate\Database\Console\Migrations\MigrateCommand->fire()
#18 /Users/chengcheng/Sites/CarlTest/BroadBlog/vendor/laravel/framework/src/Illuminate/Container/BoundMethod.php(28): call_user_func_array(Array, Array)
#19 /Users/chengcheng/Sites/CarlTest/BroadBlog/vendor/illuminate/support/helpers.php(912): Illuminate\Container\BoundMethod::Illuminate\Container\{closure}()
#20 /Users/chengcheng/Sites/CarlTest/BroadBlog/vendor/laravel/framework/src/Illuminate/Container/BoundMethod.php(86): value(Object(Closure))
#21 /Users/chengcheng/Sites/CarlTest/BroadBlog/vendor/laravel/framework/src/Illuminate/Container/BoundMethod.php(30): Illuminate\Container\BoundMethod::callBoundMethod(Object(Illuminate\Foundation\Application), Array, Object(Closure))
#22 /Users/chengcheng/Sites/CarlTest/BroadBlog/vendor/laravel/framework/src/Illuminate/Container/Container.php(524): Illuminate\Container\BoundMethod::call(Object(Illuminate\Foundation\Application), Array, Array, NULL)
#23 /Users/chengcheng/Sites/CarlTest/BroadBlog/vendor/illuminate/console/Command.php(182): Illuminate\Container\Container->call(Array)
#24 /Users/chengcheng/Sites/CarlTest/BroadBlog/vendor/symfony/console/Command/Command.php(262): Illuminate\Console\Command->execute(Object(Symfony\Component\Console\Input\ArgvInput), Object(Illuminate\Console\OutputStyle))
#25 /Users/chengcheng/Sites/CarlTest/BroadBlog/vendor/illuminate/console/Command.php(167): Symfony\Component\Console\Command\Command->run(Object(Symfony\Component\Console\Input\ArgvInput), Object(Illuminate\Console\OutputStyle))
#26 /Users/chengcheng/Sites/CarlTest/BroadBlog/vendor/symfony/console/Application.php(826): Illuminate\Console\Command->run(Object(Symfony\Component\Console\Input\ArgvInput), Object(Symfony\Component\Console\Output\ConsoleOutput))
#27 /Users/chengcheng/Sites/CarlTest/BroadBlog/vendor/symfony/console/Application.php(189): Symfony\Component\Console\Application->doRunCommand(Object(Illuminate\Database\Console\Migrations\MigrateCommand), Object(Symfony\Component\Console\Input\ArgvInput), Object(Symfony\Component\Console\Output\ConsoleOutput))
#28 /Users/chengcheng/Sites/CarlTest/BroadBlog/vendor/symfony/console/Application.php(120): Symfony\Component\Console\Application->doRun(Object(Symfony\Component\Console\Input\ArgvInput), Object(Symfony\Component\Console\Output\ConsoleOutput))
#29 /Users/chengcheng/Sites/CarlTest/BroadBlog/vendor/laravel/framework/src/Illuminate/Foundation/Console/Kernel.php(123): Symfony\Component\Console\Application->run(Object(Symfony\Component\Console\Input\ArgvInput), Object(Symfony\Component\Console\Output\ConsoleOutput))
#30 /Users/chengcheng/Sites/CarlTest/BroadBlog/artisan(35): Illuminate\Foundation\Console\Kernel->handle(Object(Symfony\Component\Console\Input\ArgvInput), Object(Symfony\Component\Console\Output\ConsoleOutput))
#31 {main}

Next Illuminate\Database\QueryException: SQLSTATE[HY000] [1044] Access denied for user 'broadblog'@'localhost' to database 'broadblog' (SQL: select * from information_schema.tables where table_schema = broadblog and table_name = migrations) in /Users/chengcheng/Sites/CarlTest/BroadBlog/vendor/laravel/framework/src/Illuminate/Database/Connection.php:647
Stack trace:
#0 /Users/chengcheng/Sites/CarlTest/BroadBlog/vendor/laravel/framework/src/Illuminate/Database/Connection.php(607): Illuminate\Database\Connection->runQueryCallback('select * from i...', Array, Object(Closure))
#1 /Users/chengcheng/Sites/CarlTest/BroadBlog/vendor/laravel/framework/src/Illuminate/Database/Connection.php(326): Illuminate\Database\Connection->run('select * from i...', Array, Object(Closure))
#2 /Users/chengcheng/Sites/CarlTest/BroadBlog/vendor/laravel/framework/src/Illuminate/Database/Schema/MySqlBuilder.php(18): Illuminate\Database\Connection->select('select * from i...', Array)
#3 /Users/chengcheng/Sites/CarlTest/BroadBlog/vendor/laravel/framework/src/Illuminate/Database/Migrations/DatabaseMigrationRepository.php(154): Illuminate\Database\Schema\MySqlBuilder->hasTable('migrations')
#4 /Users/chengcheng/Sites/CarlTest/BroadBlog/vendor/laravel/framework/src/Illuminate/Database/Migrations/Migrator.php(530): Illuminate\Database\Migrations\DatabaseMigrationRepository->repositoryExists()
#5 /Users/chengcheng/Sites/CarlTest/BroadBlog/vendor/laravel/framework/src/Illuminate/Database/Console/Migrations/MigrateCommand.php(96): Illuminate\Database\Migrations\Migrator->repositoryExists()
#6 /Users/chengcheng/Sites/CarlTest/BroadBlog/vendor/laravel/framework/src/Illuminate/Database/Console/Migrations/MigrateCommand.php(62): Illuminate\Database\Console\Migrations\MigrateCommand->prepareDatabase()
#7 [internal function]: Illuminate\Database\Console\Migrations\MigrateCommand->fire()
#8 /Users/chengcheng/Sites/CarlTest/BroadBlog/vendor/laravel/framework/src/Illuminate/Container/BoundMethod.php(28): call_user_func_array(Array, Array)
#9 /Users/chengcheng/Sites/CarlTest/BroadBlog/vendor/illuminate/support/helpers.php(912): Illuminate\Container\BoundMethod::Illuminate\Container\{closure}()
#10 /Users/chengcheng/Sites/CarlTest/BroadBlog/vendor/laravel/framework/src/Illuminate/Container/BoundMethod.php(86): value(Object(Closure))
#11 /Users/chengcheng/Sites/CarlTest/BroadBlog/vendor/laravel/framework/src/Illuminate/Container/BoundMethod.php(30): Illuminate\Container\BoundMethod::callBoundMethod(Object(Illuminate\Foundation\Application), Array, Object(Closure))
#12 /Users/chengcheng/Sites/CarlTest/BroadBlog/vendor/laravel/framework/src/Illuminate/Container/Container.php(524): Illuminate\Container\BoundMethod::call(Object(Illuminate\Foundation\Application), Array, Array, NULL)
#13 /Users/chengcheng/Sites/CarlTest/BroadBlog/vendor/illuminate/console/Command.php(182): Illuminate\Container\Container->call(Array)
#14 /Users/chengcheng/Sites/CarlTest/BroadBlog/vendor/symfony/console/Command/Command.php(262): Illuminate\Console\Command->execute(Object(Symfony\Component\Console\Input\ArgvInput), Object(Illuminate\Console\OutputStyle))
#15 /Users/chengcheng/Sites/CarlTest/BroadBlog/vendor/illuminate/console/Command.php(167): Symfony\Component\Console\Command\Command->run(Object(Symfony\Component\Console\Input\ArgvInput), Object(Illuminate\Console\OutputStyle))
#16 /Users/chengcheng/Sites/CarlTest/BroadBlog/vendor/symfony/console/Application.php(826): Illuminate\Console\Command->run(Object(Symfony\Component\Console\Input\ArgvInput), Object(Symfony\Component\Console\Output\ConsoleOutput))
#17 /Users/chengcheng/Sites/CarlTest/BroadBlog/vendor/symfony/console/Application.php(189): Symfony\Component\Console\Application->doRunCommand(Object(Illuminate\Database\Console\Migrations\MigrateCommand), Object(Symfony\Component\Console\Input\ArgvInput), Object(Symfony\Component\Console\Output\ConsoleOutput))
#18 /Users/chengcheng/Sites/CarlTest/BroadBlog/vendor/symfony/console/Application.php(120): Symfony\Component\Console\Application->doRun(Object(Symfony\Component\Console\Input\ArgvInput), Object(Symfony\Component\Console\Output\ConsoleOutput))
#19 /Users/chengcheng/Sites/CarlTest/BroadBlog/vendor/laravel/framework/src/Illuminate/Foundation/Console/Kernel.php(123): Symfony\Component\Console\Application->run(Object(Symfony\Component\Console\Input\ArgvInput), Object(Symfony\Component\Console\Output\ConsoleOutput))
#20 /Users/chengcheng/Sites/CarlTest/BroadBlog/artisan(35): Illuminate\Foundation\Console\Kernel->handle(Object(Symfony\Component\Console\Input\ArgvInput), Object(Symfony\Component\Console\Output\ConsoleOutput))
#21 {main}  
[2017-02-13 08:45:07] local.ERROR: InvalidArgumentException: View [homeGeneral] not found. in /Users/chengcheng/Sites/CarlTest/BroadBlog/vendor/laravel/framework/src/Illuminate/View/FileViewFinder.php:137
Stack trace:
#0 /Users/chengcheng/Sites/CarlTest/BroadBlog/vendor/laravel/framework/src/Illuminate/View/FileViewFinder.php(79): Illuminate\View\FileViewFinder->findInPaths('homeGeneral', Array)
#1 /Users/chengcheng/Sites/CarlTest/BroadBlog/vendor/laravel/framework/src/Illuminate/View/Factory.php(128): Illuminate\View\FileViewFinder->find('homeGeneral')
#2 /Users/chengcheng/Sites/CarlTest/BroadBlog/vendor/laravel/framework/src/Illuminate/Foundation/helpers.php(908): Illuminate\View\Factory->make('homeGeneral', Array, Array)
#3 /Users/chengcheng/Sites/CarlTest/BroadBlog/app/Http/Controllers/HomeController.php(30): view('homeGeneral')
#4 [internal function]: App\Http\Controllers\HomeController->index()
#5 /Users/chengcheng/Sites/CarlTest/BroadBlog/vendor/laravel/framework/src/Illuminate/Routing/Controller.php(55): call_user_func_array(Array, Array)
#6 /Users/chengcheng/Sites/CarlTest/BroadBlog/vendor/laravel/framework/src/Illuminate/Routing/ControllerDispatcher.php(44): Illuminate\Routing\Controller->callAction('index', Array)
#7 /Users/chengcheng/Sites/CarlTest/BroadBlog/vendor/laravel/framework/src/Illuminate/Routing/Route.php(203): Illuminate\Routing\ControllerDispatcher->dispatch(Object(Illuminate\Routing\Route), Object(App\Http\Controllers\HomeController), 'index')
#8 /Users/chengcheng/Sites/CarlTest/BroadBlog/vendor/laravel/framework/src/Illuminate/Routing/Route.php(160): Illuminate\Routing\Route->runController()
#9 /Users/chengcheng/Sites/CarlTest/BroadBlog/vendor/laravel/framework/src/Illuminate/Routing/Router.php(559): Illuminate\Routing\Route->run()
#10 /Users/chengcheng/Sites/CarlTest/BroadBlog/vendor/laravel/framework/src/Illuminate/Routing/Pipeline.php(30): Illuminate\Routing\Router->Illuminate\Routing\{closure}(Object(Illuminate\Http\Request))
#11 /Users/chengcheng/Sites/CarlTest/BroadBlog/vendor/laravel/framework/src/Illuminate/Routing/Middleware/SubstituteBindings.php(41): Illuminate\Routing\Pipeline->Illuminate\Routing\{closure}(Object(Illuminate\Http\Request))
#12 /Users/chengcheng/Sites/CarlTest/BroadBlog/vendor/laravel/framework/src/Illuminate/Pipeline/Pipeline.php(148): Illuminate\Routing\Middleware\SubstituteBindings->handle(Object(Illuminate\Http\Request), Object(Closure))
#13 /Users/chengcheng/Sites/CarlTest/BroadBlog/vendor/laravel/framework/src/Illuminate/Routing/Pipeline.php(53): Illuminate\Pipeline\Pipeline->Illuminate\Pipeline\{closure}(Object(Illuminate\Http\Request))
#14 /Users/chengcheng/Sites/CarlTest/BroadBlog/vendor/laravel/framework/src/Illuminate/Auth/Middleware/Authenticate.php(43): Illuminate\Routing\Pipeline->Illuminate\Routing\{closure}(Object(Illuminate\Http\Request))
#15 /Users/chengcheng/Sites/CarlTest/BroadBlog/vendor/laravel/framework/src/Illuminate/Pipeline/Pipeline.php(148): Illuminate\Auth\Middleware\Authenticate->handle(Object(Illuminate\Http\Request), Object(Closure))
#16 /Users/chengcheng/Sites/CarlTest/BroadBlog/vendor/laravel/framework/src/Illuminate/Routing/Pipeline.php(53): Illuminate\Pipeline\Pipeline->Illuminate\Pipeline\{closure}(Object(Illuminate\Http\Request))
#17 /Users/chengcheng/Sites/CarlTest/BroadBlog/vendor/laravel/framework/src/Illuminate/Foundation/Http/Middleware/VerifyCsrfToken.php(65): Illuminate\Routing\Pipeline->Illuminate\Routing\{closure}(Object(Illuminate\Http\Request))
#18 /Users/chengcheng/Sites/CarlTest/BroadBlog/vendor/laravel/framework/src/Illuminate/Pipeline/Pipeline.php(148): Illuminate\Foundation\Http\Middleware\VerifyCsrfToken->handle(Object(Illuminate\Http\Request), Object(Closure))
#19 /Users/chengcheng/Sites/CarlTest/BroadBlog/vendor/laravel/framework/src/Illuminate/Routing/Pipeline.php(53): Illuminate\Pipeline\Pipeline->Illuminate\Pipeline\{closure}(Object(Illuminate\Http\Request))
#20 /Users/chengcheng/Sites/CarlTest/BroadBlog/vendor/laravel/framework/src/Illuminate/View/Middleware/ShareErrorsFromSession.php(49): Illuminate\Routing\Pipeline->Illuminate\Routing\{closure}(Object(Illuminate\Http\Request))
#21 /Users/chengcheng/Sites/CarlTest/BroadBlog/vendor/laravel/framework/src/Illuminate/Pipeline/Pipeline.php(148): Illuminate\View\Middleware\ShareErrorsFromSession->handle(Object(Illuminate\Http\Request), Object(Closure))
#22 /Users/chengcheng/Sites/CarlTest/BroadBlog/vendor/laravel/framework/src/Illuminate/Routing/Pipeline.php(53): Illuminate\Pipeline\Pipeline->Illuminate\Pipeline\{closure}(Object(Illuminate\Http\Request))
#23 /Users/chengcheng/Sites/CarlTest/BroadBlog/vendor/laravel/framework/src/Illuminate/Session/Middleware/StartSession.php(64): Illuminate\Routing\Pipeline->Illuminate\Routing\{closure}(Object(Illuminate\Http\Request))
#24 /Users/chengcheng/Sites/CarlTest/BroadBlog/vendor/laravel/framework/src/Illuminate/Pipeline/Pipeline.php(148): Illuminate\Session\Middleware\StartSession->handle(Object(Illuminate\Http\Request), Object(Closure))
#25 /Users/chengcheng/Sites/CarlTest/BroadBlog/vendor/laravel/framework/src/Illuminate/Routing/Pipeline.php(53): Illuminate\Pipeline\Pipeline->Illuminate\Pipeline\{closure}(Object(Illuminate\Http\Request))
#26 /Users/chengcheng/Sites/CarlTest/BroadBlog/vendor/laravel/framework/src/Illuminate/Cookie/Middleware/AddQueuedCookiesToResponse.php(37): Illuminate\Routing\Pipeline->Illuminate\Routing\{closure}(Object(Illuminate\Http\Request))
#27 /Users/chengcheng/Sites/CarlTest/BroadBlog/vendor/laravel/framework/src/Illuminate/Pipeline/Pipeline.php(148): Illuminate\Cookie\Middleware\AddQueuedCookiesToResponse->handle(Object(Illuminate\Http\Request), Object(Closure))
#28 /Users/chengcheng/Sites/CarlTest/BroadBlog/vendor/laravel/framework/src/Illuminate/Routing/Pipeline.php(53): Illuminate\Pipeline\Pipeline->Illuminate\Pipeline\{closure}(Object(Illuminate\Http\Request))
#29 /Users/chengcheng/Sites/CarlTest/BroadBlog/vendor/laravel/framework/src/Illuminate/Cookie/Middleware/EncryptCookies.php(59): Illuminate\Routing\Pipeline->Illuminate\Routing\{closure}(Object(Illuminate\Http\Request))
#30 /Users/chengcheng/Sites/CarlTest/BroadBlog/vendor/laravel/framework/src/Illuminate/Pipeline/Pipeline.php(148): Illuminate\Cookie\Middleware\EncryptCookies->handle(Object(Illuminate\Http\Request), Object(Closure))
#31 /Users/chengcheng/Sites/CarlTest/BroadBlog/vendor/laravel/framework/src/Illuminate/Routing/Pipeline.php(53): Illuminate\Pipeline\Pipeline->Illuminate\Pipeline\{closure}(Object(Illuminate\Http\Request))
#32 /Users/chengcheng/Sites/CarlTest/BroadBlog/vendor/laravel/framework/src/Illuminate/Pipeline/Pipeline.php(102): Illuminate\Routing\Pipeline->Illuminate\Routing\{closure}(Object(Illuminate\Http\Request))
#33 /Users/chengcheng/Sites/CarlTest/BroadBlog/vendor/laravel/framework/src/Illuminate/Routing/Router.php(561): Illuminate\Pipeline\Pipeline->then(Object(Closure))
#34 /Users/chengcheng/Sites/CarlTest/BroadBlog/vendor/laravel/framework/src/Illuminate/Routing/Router.php(520): Illuminate\Routing\Router->runRouteWithinStack(Object(Illuminate\Routing\Route), Object(Illuminate\Http\Request))
#35 /Users/chengcheng/Sites/CarlTest/BroadBlog/vendor/laravel/framework/src/Illuminate/Routing/Router.php(498): Illuminate\Routing\Router->dispatchToRoute(Object(Illuminate\Http\Request))
#36 /Users/chengcheng/Sites/CarlTest/BroadBlog/vendor/laravel/framework/src/Illuminate/Foundation/Http/Kernel.php(174): Illuminate\Routing\Router->dispatch(Object(Illuminate\Http\Request))
#37 /Users/chengcheng/Sites/CarlTest/BroadBlog/vendor/laravel/framework/src/Illuminate/Routing/Pipeline.php(30): Illuminate\Foundation\Http\Kernel->Illuminate\Foundation\Http\{closure}(Object(Illuminate\Http\Request))
#38 /Users/chengcheng/Sites/CarlTest/BroadBlog/vendor/laravel/framework/src/Illuminate/Foundation/Http/Middleware/TransformsRequest.php(30): Illuminate\Routing\Pipeline->Illuminate\Routing\{closure}(Object(Illuminate\Http\Request))
#39 /Users/chengcheng/Sites/CarlTest/BroadBlog/vendor/laravel/framework/src/Illuminate/Pipeline/Pipeline.php(148): Illuminate\Foundation\Http\Middleware\TransformsRequest->handle(Object(Illuminate\Http\Request), Object(Closure))
#40 /Users/chengcheng/Sites/CarlTest/BroadBlog/vendor/laravel/framework/src/Illuminate/Routing/Pipeline.php(53): Illuminate\Pipeline\Pipeline->Illuminate\Pipeline\{closure}(Object(Illuminate\Http\Request))
#41 /Users/chengcheng/Sites/CarlTest/BroadBlog/vendor/laravel/framework/src/Illuminate/Foundation/Http/Middleware/TransformsRequest.php(30): Illuminate\Routing\Pipeline->Illuminate\Routing\{closure}(Object(Illuminate\Http\Request))
#42 /Users/chengcheng/Sites/CarlTest/BroadBlog/vendor/laravel/framework/src/Illuminate/Pipeline/Pipeline.php(148): Illuminate\Foundation\Http\Middleware\TransformsRequest->handle(Object(Illuminate\Http\Request), Object(Closure))
#43 /Users/chengcheng/Sites/CarlTest/BroadBlog/vendor/laravel/framework/src/Illuminate/Routing/Pipeline.php(53): Illuminate\Pipeline\Pipeline->Illuminate\Pipeline\{closure}(Object(Illuminate\Http\Request))
#44 /Users/chengcheng/Sites/CarlTest/BroadBlog/vendor/laravel/framework/src/Illuminate/Foundation/Http/Middleware/ValidatePostSize.php(27): Illuminate\Routing\Pipeline->Illuminate\Routing\{closure}(Object(Illuminate\Http\Request))
#45 /Users/chengcheng/Sites/CarlTest/BroadBlog/vendor/laravel/framework/src/Illuminate/Pipeline/Pipeline.php(148): Illuminate\Foundation\Http\Middleware\ValidatePostSize->handle(Object(Illuminate\Http\Request), Object(Closure))
#46 /Users/chengcheng/Sites/CarlTest/BroadBlog/vendor/laravel/framework/src/Illuminate/Routing/Pipeline.php(53): Illuminate\Pipeline\Pipeline->Illuminate\Pipeline\{closure}(Object(Illuminate\Http\Request))
#47 /Users/chengcheng/Sites/CarlTest/BroadBlog/vendor/laravel/framework/src/Illuminate/Foundation/Http/Middleware/CheckForMaintenanceMode.php(46): Illuminate\Routing\Pipeline->Illuminate\Routing\{closure}(Object(Illuminate\Http\Request))
#48 /Users/chengcheng/Sites/CarlTest/BroadBlog/vendor/laravel/framework/src/Illuminate/Pipeline/Pipeline.php(148): Illuminate\Foundation\Http\Middleware\CheckForMaintenanceMode->handle(Object(Illuminate\Http\Request), Object(Closure))
#49 /Users/chengcheng/Sites/CarlTest/BroadBlog/vendor/laravel/framework/src/Illuminate/Routing/Pipeline.php(53): Illuminate\Pipeline\Pipeline->Illuminate\Pipeline\{closure}(Object(Illuminate\Http\Request))
#50 /Users/chengcheng/Sites/CarlTest/BroadBlog/vendor/laravel/framework/src/Illuminate/Pipeline/Pipeline.php(102): Illuminate\Routing\Pipeline->Illuminate\Routing\{closure}(Object(Illuminate\Http\Request))
#51 /Users/chengcheng/Sites/CarlTest/BroadBlog/vendor/laravel/framework/src/Illuminate/Foundation/Http/Kernel.php(149): Illuminate\Pipeline\Pipeline->then(Object(Closure))
#52 /Users/chengcheng/Sites/CarlTest/BroadBlog/vendor/laravel/framework/src/Illuminate/Foundation/Http/Kernel.php(116): Illuminate\Foundation\Http\Kernel->sendRequestThroughRouter(Object(Illuminate\Http\Request))
#53 /Users/chengcheng/Sites/CarlTest/BroadBlog/public/index.php(53): Illuminate\Foundation\Http\Kernel->handle(Object(Illuminate\Http\Request))
#54 /Users/chengcheng/.composer/vendor/laravel/valet/server.php(128): require('/Users/chengche...')
#55 {main}  
[2017-02-14 09:35:28] local.ERROR: Symfony\Component\Debug\Exception\FatalThrowableError: Class 'App\Http\Controllers\Auth' not found in /Users/chengcheng/Sites/CarlTest/BroadBlog/app/Http/Controllers/HomeController.php:30
Stack trace:
#0 [internal function]: App\Http\Controllers\HomeController->index()
#1 /Users/chengcheng/Sites/CarlTest/BroadBlog/vendor/laravel/framework/src/Illuminate/Routing/Controller.php(55): call_user_func_array(Array, Array)
#2 /Users/chengcheng/Sites/CarlTest/BroadBlog/vendor/laravel/framework/src/Illuminate/Routing/ControllerDispatcher.php(44): Illuminate\Routing\Controller->callAction('index', Array)
#3 /Users/chengcheng/Sites/CarlTest/BroadBlog/vendor/laravel/framework/src/Illuminate/Routing/Route.php(203): Illuminate\Routing\ControllerDispatcher->dispatch(Object(Illuminate\Routing\Route), Object(App\Http\Controllers\HomeController), 'index')
#4 /Users/chengcheng/Sites/CarlTest/BroadBlog/vendor/laravel/framework/src/Illuminate/Routing/Route.php(160): Illuminate\Routing\Route->runController()
#5 /Users/chengcheng/Sites/CarlTest/BroadBlog/vendor/laravel/framework/src/Illuminate/Routing/Router.php(559): Illuminate\Routing\Route->run()
#6 /Users/chengcheng/Sites/CarlTest/BroadBlog/vendor/laravel/framework/src/Illuminate/Routing/Pipeline.php(30): Illuminate\Routing\Router->Illuminate\Routing\{closure}(Object(Illuminate\Http\Request))
#7 /Users/chengcheng/Sites/CarlTest/BroadBlog/vendor/laravel/framework/src/Illuminate/Routing/Middleware/SubstituteBindings.php(41): Illuminate\Routing\Pipeline->Illuminate\Routing\{closure}(Object(Illuminate\Http\Request))
#8 /Users/chengcheng/Sites/CarlTest/BroadBlog/vendor/laravel/framework/src/Illuminate/Pipeline/Pipeline.php(148): Illuminate\Routing\Middleware\SubstituteBindings->handle(Object(Illuminate\Http\Request), Object(Closure))
#9 /Users/chengcheng/Sites/CarlTest/BroadBlog/vendor/laravel/framework/src/Illuminate/Routing/Pipeline.php(53): Illuminate\Pipeline\Pipeline->Illuminate\Pipeline\{closure}(Object(Illuminate\Http\Request))
#10 /Users/chengcheng/Sites/CarlTest/BroadBlog/vendor/laravel/framework/src/Illuminate/Auth/Middleware/Authenticate.php(43): Illuminate\Routing\Pipeline->Illuminate\Routing\{closure}(Object(Illuminate\Http\Request))
#11 /Users/chengcheng/Sites/CarlTest/BroadBlog/vendor/laravel/framework/src/Illuminate/Pipeline/Pipeline.php(148): Illuminate\Auth\Middleware\Authenticate->handle(Object(Illuminate\Http\Request), Object(Closure))
#12 /Users/chengcheng/Sites/CarlTest/BroadBlog/vendor/laravel/framework/src/Illuminate/Routing/Pipeline.php(53): Illuminate\Pipeline\Pipeline->Illuminate\Pipeline\{closure}(Object(Illuminate\Http\Request))
#13 /Users/chengcheng/Sites/CarlTest/BroadBlog/vendor/laravel/framework/src/Illuminate/Foundation/Http/Middleware/VerifyCsrfToken.php(65): Illuminate\Routing\Pipeline->Illuminate\Routing\{closure}(Object(Illuminate\Http\Request))
#14 /Users/chengcheng/Sites/CarlTest/BroadBlog/vendor/laravel/framework/src/Illuminate/Pipeline/Pipeline.php(148): Illuminate\Foundation\Http\Middleware\VerifyCsrfToken->handle(Object(Illuminate\Http\Request), Object(Closure))
#15 /Users/chengcheng/Sites/CarlTest/BroadBlog/vendor/laravel/framework/src/Illuminate/Routing/Pipeline.php(53): Illuminate\Pipeline\Pipeline->Illuminate\Pipeline\{closure}(Object(Illuminate\Http\Request))
#16 /Users/chengcheng/Sites/CarlTest/BroadBlog/vendor/laravel/framework/src/Illuminate/View/Middleware/ShareErrorsFromSession.php(49): Illuminate\Routing\Pipeline->Illuminate\Routing\{closure}(Object(Illuminate\Http\Request))
#17 /Users/chengcheng/Sites/CarlTest/BroadBlog/vendor/laravel/framework/src/Illuminate/Pipeline/Pipeline.php(148): Illuminate\View\Middleware\ShareErrorsFromSession->handle(Object(Illuminate\Http\Request), Object(Closure))
#18 /Users/chengcheng/Sites/CarlTest/BroadBlog/vendor/laravel/framework/src/Illuminate/Routing/Pipeline.php(53): Illuminate\Pipeline\Pipeline->Illuminate\Pipeline\{closure}(Object(Illuminate\Http\Request))
#19 /Users/chengcheng/Sites/CarlTest/BroadBlog/vendor/laravel/framework/src/Illuminate/Session/Middleware/StartSession.php(64): Illuminate\Routing\Pipeline->Illuminate\Routing\{closure}(Object(Illuminate\Http\Request))
#20 /Users/chengcheng/Sites/CarlTest/BroadBlog/vendor/laravel/framework/src/Illuminate/Pipeline/Pipeline.php(148): Illuminate\Session\Middleware\StartSession->handle(Object(Illuminate\Http\Request), Object(Closure))
#21 /Users/chengcheng/Sites/CarlTest/BroadBlog/vendor/laravel/framework/src/Illuminate/Routing/Pipeline.php(53): Illuminate\Pipeline\Pipeline->Illuminate\Pipeline\{closure}(Object(Illuminate\Http\Request))
#22 /Users/chengcheng/Sites/CarlTest/BroadBlog/vendor/laravel/framework/src/Illuminate/Cookie/Middleware/AddQueuedCookiesToResponse.php(37): Illuminate\Routing\Pipeline->Illuminate\Routing\{closure}(Object(Illuminate\Http\Request))
#23 /Users/chengcheng/Sites/CarlTest/BroadBlog/vendor/laravel/framework/src/Illuminate/Pipeline/Pipeline.php(148): Illuminate\Cookie\Middleware\AddQueuedCookiesToResponse->handle(Object(Illuminate\Http\Request), Object(Closure))
#24 /Users/chengcheng/Sites/CarlTest/BroadBlog/vendor/laravel/framework/src/Illuminate/Routing/Pipeline.php(53): Illuminate\Pipeline\Pipeline->Illuminate\Pipeline\{closure}(Object(Illuminate\Http\Request))
#25 /Users/chengcheng/Sites/CarlTest/BroadBlog/vendor/laravel/framework/src/Illuminate/Cookie/Middleware/EncryptCookies.php(59): Illuminate\Routing\Pipeline->Illuminate\Routing\{closure}(Object(Illuminate\Http\Request))
#26 /Users/chengcheng/Sites/CarlTest/BroadBlog/vendor/laravel/framework/src/Illuminate/Pipeline/Pipeline.php(148): Illuminate\Cookie\Middleware\EncryptCookies->handle(Object(Illuminate\Http\Request), Object(Closure))
#27 /Users/chengcheng/Sites/CarlTest/BroadBlog/vendor/laravel/framework/src/Illuminate/Routing/Pipeline.php(53): Illuminate\Pipeline\Pipeline->Illuminate\Pipeline\{closure}(Object(Illuminate\Http\Request))
#28 /Users/chengcheng/Sites/CarlTest/BroadBlog/vendor/laravel/framework/src/Illuminate/Pipeline/Pipeline.php(102): Illuminate\Routing\Pipeline->Illuminate\Routing\{closure}(Object(Illuminate\Http\Request))
#29 /Users/chengcheng/Sites/CarlTest/BroadBlog/vendor/laravel/framework/src/Illuminate/Routing/Router.php(561): Illuminate\Pipeline\Pipeline->then(Object(Closure))
#30 /Users/chengcheng/Sites/CarlTest/BroadBlog/vendor/laravel/framework/src/Illuminate/Routing/Router.php(520): Illuminate\Routing\Router->runRouteWithinStack(Object(Illuminate\Routing\Route), Object(Illuminate\Http\Request))
#31 /Users/chengcheng/Sites/CarlTest/BroadBlog/vendor/laravel/framework/src/Illuminate/Routing/Router.php(498): Illuminate\Routing\Router->dispatchToRoute(Object(Illuminate\Http\Request))
#32 /Users/chengcheng/Sites/CarlTest/BroadBlog/vendor/laravel/framework/src/Illuminate/Foundation/Http/Kernel.php(174): Illuminate\Routing\Router->dispatch(Object(Illuminate\Http\Request))
#33 /Users/chengcheng/Sites/CarlTest/BroadBlog/vendor/laravel/framework/src/Illuminate/Routing/Pipeline.php(30): Illuminate\Foundation\Http\Kernel->Illuminate\Foundation\Http\{closure}(Object(Illuminate\Http\Request))
#34 /Users/chengcheng/Sites/CarlTest/BroadBlog/vendor/laravel/framework/src/Illuminate/Foundation/Http/Middleware/TransformsRequest.php(30): Illuminate\Routing\Pipeline->Illuminate\Routing\{closure}(Object(Illuminate\Http\Request))
#35 /Users/chengcheng/Sites/CarlTest/BroadBlog/vendor/laravel/framework/src/Illuminate/Pipeline/Pipeline.php(148): Illuminate\Foundation\Http\Middleware\TransformsRequest->handle(Object(Illuminate\Http\Request), Object(Closure))
#36 /Users/chengcheng/Sites/CarlTest/BroadBlog/vendor/laravel/framework/src/Illuminate/Routing/Pipeline.php(53): Illuminate\Pipeline\Pipeline->Illuminate\Pipeline\{closure}(Object(Illuminate\Http\Request))
#37 /Users/chengcheng/Sites/CarlTest/BroadBlog/vendor/laravel/framework/src/Illuminate/Foundation/Http/Middleware/TransformsRequest.php(30): Illuminate\Routing\Pipeline->Illuminate\Routing\{closure}(Object(Illuminate\Http\Request))
#38 /Users/chengcheng/Sites/CarlTest/BroadBlog/vendor/laravel/framework/src/Illuminate/Pipeline/Pipeline.php(148): Illuminate\Foundation\Http\Middleware\TransformsRequest->handle(Object(Illuminate\Http\Request), Object(Closure))
#39 /Users/chengcheng/Sites/CarlTest/BroadBlog/vendor/laravel/framework/src/Illuminate/Routing/Pipeline.php(53): Illuminate\Pipeline\Pipeline->Illuminate\Pipeline\{closure}(Object(Illuminate\Http\Request))
#40 /Users/chengcheng/Sites/CarlTest/BroadBlog/vendor/laravel/framework/src/Illuminate/Foundation/Http/Middleware/ValidatePostSize.php(27): Illuminate\Routing\Pipeline->Illuminate\Routing\{closure}(Object(Illuminate\Http\Request))
#41 /Users/chengcheng/Sites/CarlTest/BroadBlog/vendor/laravel/framework/src/Illuminate/Pipeline/Pipeline.php(148): Illuminate\Foundation\Http\Middleware\ValidatePostSize->handle(Object(Illuminate\Http\Request), Object(Closure))
#42 /Users/chengcheng/Sites/CarlTest/BroadBlog/vendor/laravel/framework/src/Illuminate/Routing/Pipeline.php(53): Illuminate\Pipeline\Pipeline->Illuminate\Pipeline\{closure}(Object(Illuminate\Http\Request))
#43 /Users/chengcheng/Sites/CarlTest/BroadBlog/vendor/laravel/framework/src/Illuminate/Foundation/Http/Middleware/CheckForMaintenanceMode.php(46): Illuminate\Routing\Pipeline->Illuminate\Routing\{closure}(Object(Illuminate\Http\Request))
#44 /Users/chengcheng/Sites/CarlTest/BroadBlog/vendor/laravel/framework/src/Illuminate/Pipeline/Pipeline.php(148): Illuminate\Foundation\Http\Middleware\CheckForMaintenanceMode->handle(Object(Illuminate\Http\Request), Object(Closure))
#45 /Users/chengcheng/Sites/CarlTest/BroadBlog/vendor/laravel/framework/src/Illuminate/Routing/Pipeline.php(53): Illuminate\Pipeline\Pipeline->Illuminate\Pipeline\{closure}(Object(Illuminate\Http\Request))
#46 /Users/chengcheng/Sites/CarlTest/BroadBlog/vendor/laravel/framework/src/Illuminate/Pipeline/Pipeline.php(102): Illuminate\Routing\Pipeline->Illuminate\Routing\{closure}(Object(Illuminate\Http\Request))
#47 /Users/chengcheng/Sites/CarlTest/BroadBlog/vendor/laravel/framework/src/Illuminate/Foundation/Http/Kernel.php(149): Illuminate\Pipeline\Pipeline->then(Object(Closure))
#48 /Users/chengcheng/Sites/CarlTest/BroadBlog/vendor/laravel/framework/src/Illuminate/Foundation/Http/Kernel.php(116): Illuminate\Foundation\Http\Kernel->sendRequestThroughRouter(Object(Illuminate\Http\Request))
#49 /Users/chengcheng/Sites/CarlTest/BroadBlog/public/index.php(53): Illuminate\Foundation\Http\Kernel->handle(Object(Illuminate\Http\Request))
#50 /Users/chengcheng/.composer/vendor/laravel/valet/server.php(128): require('/Users/chengche...')
#51 {main}  
